<?xml version="1.0" encoding="UTF-8"?>
<!-- Generated by org.testng.reporters.JUnitXMLReporter -->
<testsuite ignored="0" hostname="LAPTOP-48176JFU" failures="0" tests="2" name="Test" time="0.071" errors="0" timestamp="2023-08-03T14:40:48 IST">
  <testcase classname="frameworkTraining.Base_Test" name="@BeforeClass lauchBrowser" time="0.013">
    <failure type="java.lang.NullPointerException" message="Cannot invoke &amp;quot;org.openqa.selenium.WebDriver.manage()&amp;quot; because &amp;quot;frameworkTraining.Base_Test.driver&amp;quot; is null">
      <![CDATA[java.lang.NullPointerException: Cannot invoke "org.openqa.selenium.WebDriver.manage()" because "frameworkTraining.Base_Test.driver" is null
at frameworkTraining.Base_Test.lauchBrowser(Base_Test.java:32)
at java.base/java.util.ArrayList.forEach(ArrayList.java:1511)
... Removed 23 stack frames]]>
    </failure>
  </testcase> <!-- @BeforeClass lauchBrowser -->
  <testcase classname="frameworkTraining.Base_Test" name="@AfterClass closeBrowser" time="-1.691053848858E9">
    <skipped/>
  </testcase> <!-- @AfterClass closeBrowser -->
  <testcase classname="frameworkTraining.Base_Test" name="@BeforeClass lauchBrowser" time="0.001">
    <failure type="java.lang.NullPointerException" message="Cannot invoke &amp;quot;org.openqa.selenium.WebDriver.manage()&amp;quot; because &amp;quot;frameworkTraining.Base_Test.driver&amp;quot; is null">
      <![CDATA[java.lang.NullPointerException: Cannot invoke "org.openqa.selenium.WebDriver.manage()" because "frameworkTraining.Base_Test.driver" is null
at frameworkTraining.Base_Test.lauchBrowser(Base_Test.java:32)
at java.base/java.util.ArrayList.forEach(ArrayList.java:1511)
... Removed 23 stack frames]]>
    </failure>
  </testcase> <!-- @BeforeClass lauchBrowser -->
  <testcase classname="frameworkTraining.Base_Test" name="@AfterClass closeBrowser" time="-1.691053848868E9">
    <skipped/>
  </testcase> <!-- @AfterClass closeBrowser -->
  <testcase classname="frameworkTraining.LoginTest" name="loginTestcase" time="0.0">
    <skipped/>
  </testcase> <!-- loginTestcase -->
  <testcase classname="frameworkTraining.RegisterTest" name="register" time="0.0">
    <skipped/>
  </testcase> <!-- register -->
</testsuite> <!-- Test -->
